<?xml version="1.0" encoding="UTF-8"?>
<!-- Generated by org.testng.reporters.JUnitReportReporter -->
<testsuite hostname="DESKTOP-AACVLLJ" failures="0" tests="2" name="com.crm.qa.testcases.LoginPageTest" time="15.945" errors="0" timestamp="2023-01-30T11:45:11 IST" skipped="0">
  <testcase classname="com.crm.qa.testcases.LoginPageTest" name="LoginPageTitiletest" time="9.890"/>
  <system-out/>
  <testcase classname="com.crm.qa.testcases.LoginPageTest" name="LoginTest" time="6.055"/>
  <system-out/>
</testsuite> <!-- com.crm.qa.testcases.LoginPageTest -->
